Work on GPU:  1
load_weight 304
Train set size: 12271
Validation set size: 3068
batch_size: 20
Total Parameters: 60.290M
[Epoch 1] Train time:2.90, Training accuracy:0.6055. Loss: 3.977 LR:0.000040
[Epoch 1] Validation accuracy:0.8282, Loss:0.581, f1 0.677837, score 0.727457
Model saved.
best_acc:0.8282
[Epoch 2] Train time:2.91, Training accuracy:0.8120. Loss: 2.848 LR:0.000039
[Epoch 2] Validation accuracy:0.8722, Loss:0.459, f1 0.788911, score 0.816397
Model saved.
best_acc:0.8722
[Epoch 3] Train time:2.91, Training accuracy:0.8655. Loss: 2.546 LR:0.000038
[Epoch 3] Validation accuracy:0.8908, Loss:0.416, f1 0.822016, score 0.844715
Model saved.
best_acc:0.8908
[Epoch 4] Train time:2.93, Training accuracy:0.8981. Loss: 2.352 LR:0.000038
[Epoch 4] Validation accuracy:0.8970, Loss:0.396, f1 0.835988, score 0.856122
Model saved.
best_acc:0.897
[Epoch 5] Train time:2.92, Training accuracy:0.9280. Loss: 2.192 LR:0.000037
[Epoch 5] Validation accuracy:0.9091, Loss:0.361, f1 0.851173, score 0.870289
Model saved.
best_acc:0.9091
[Epoch 6] Train time:2.92, Training accuracy:0.9438. Loss: 2.079 LR:0.000036
[Epoch 6] Validation accuracy:0.8993, Loss:0.375, f1 0.832827, score 0.854763
[Epoch 7] Train time:2.93, Training accuracy:0.9588. Loss: 1.986 LR:0.000035
[Epoch 7] Validation accuracy:0.9042, Loss:0.360, f1 0.846263, score 0.865382
[Epoch 8] Train time:2.92, Training accuracy:0.9747. Loss: 0.276 LR:0.000035
[Epoch 8] Validation accuracy:0.9022, Loss:0.297, f1 0.844228, score 0.863359
[Epoch 9] Train time:2.92, Training accuracy:0.9766. Loss: 0.225 LR:0.000034
[Epoch 9] Validation accuracy:0.9019, Loss:0.311, f1 0.842395, score 0.862031
[Epoch 10] Train time:2.92, Training accuracy:0.9816. Loss: 0.184 LR:0.000033
[Epoch 10] Validation accuracy:0.9113, Loss:0.285, f1 0.853319, score 0.872453
Model saved.
best_acc:0.9113
[Epoch 11] Train time:2.92, Training accuracy:0.9826. Loss: 0.173 LR:0.000033
[Epoch 11] Validation accuracy:0.9113, Loss:0.291, f1 0.850770, score 0.870745
[Epoch 12] Train time:2.92, Training accuracy:0.9839. Loss: 0.156 LR:0.000032
[Epoch 12] Validation accuracy:0.9055, Loss:0.300, f1 0.850784, score 0.868840
[Epoch 13] Train time:2.93, Training accuracy:0.9861. Loss: 0.127 LR:0.000031
[Epoch 13] Validation accuracy:0.9087, Loss:0.298, f1 0.855938, score 0.873350
[Epoch 14] Train time:2.93, Training accuracy:0.9854. Loss: 0.137 LR:0.000031
[Epoch 14] Validation accuracy:0.9058, Loss:0.308, f1 0.848233, score 0.867230
[Epoch 15] Train time:2.92, Training accuracy:0.9829. Loss: 0.173 LR:0.000030
[Epoch 15] Validation accuracy:0.9035, Loss:0.317, f1 0.845972, score 0.864956
[Epoch 16] Train time:2.93, Training accuracy:0.9855. Loss: 0.136 LR:0.000030
[Epoch 16] Validation accuracy:0.9006, Loss:0.316, f1 0.834653, score 0.856416
[Epoch 17] Train time:2.92, Training accuracy:0.9848. Loss: 0.133 LR:0.000029
[Epoch 17] Validation accuracy:0.9055, Loss:0.312, f1 0.854481, score 0.871318
[Epoch 18] Train time:2.94, Training accuracy:0.9876. Loss: 0.117 LR:0.000028
[Epoch 18] Validation accuracy:0.9035, Loss:0.323, f1 0.849324, score 0.867202
[Epoch 19] Train time:2.93, Training accuracy:0.9848. Loss: 0.130 LR:0.000028
[Epoch 19] Validation accuracy:0.9029, Loss:0.317, f1 0.848011, score 0.866124
[Epoch 20] Train time:2.93, Training accuracy:0.9878. Loss: 0.106 LR:0.000027
[Epoch 20] Validation accuracy:0.9078, Loss:0.300, f1 0.855114, score 0.872500
[Epoch 21] Train time:2.93, Training accuracy:0.9878. Loss: 0.109 LR:0.000027
[Epoch 21] Validation accuracy:0.9061, Loss:0.306, f1 0.844377, score 0.864746
[Epoch 22] Train time:2.92, Training accuracy:0.9898. Loss: 0.085 LR:0.000026
[Epoch 22] Validation accuracy:0.9068, Loss:0.313, f1 0.848124, score 0.867487
[Epoch 23] Train time:2.92, Training accuracy:0.9888. Loss: 0.089 LR:0.000026
[Epoch 23] Validation accuracy:0.9061, Loss:0.311, f1 0.843524, score 0.864174
[Epoch 24] Train time:2.93, Training accuracy:0.9912. Loss: 0.076 LR:0.000025
[Epoch 24] Validation accuracy:0.9123, Loss:0.308, f1 0.852921, score 0.872516
Model saved.
best_acc:0.9123
[Epoch 25] Train time:2.92, Training accuracy:0.9912. Loss: 0.074 LR:0.000025
[Epoch 25] Validation accuracy:0.9081, Loss:0.307, f1 0.845930, score 0.866446
[Epoch 26] Train time:2.93, Training accuracy:0.9924. Loss: 0.061 LR:0.000024
[Epoch 26] Validation accuracy:0.9113, Loss:0.320, f1 0.854119, score 0.872989
[Epoch 27] Train time:2.93, Training accuracy:0.9933. Loss: 0.061 LR:0.000024
[Epoch 27] Validation accuracy:0.9117, Loss:0.307, f1 0.853579, score 0.872759
[Epoch 28] Train time:2.93, Training accuracy:0.9924. Loss: 0.058 LR:0.000023
[Epoch 28] Validation accuracy:0.9087, Loss:0.315, f1 0.845876, score 0.866608
[Epoch 29] Train time:2.93, Training accuracy:0.9914. Loss: 0.072 LR:0.000023
[Epoch 29] Validation accuracy:0.9061, Loss:0.335, f1 0.841120, score 0.862563
[Epoch 30] Train time:2.93, Training accuracy:0.9930. Loss: 0.063 LR:0.000022
[Epoch 30] Validation accuracy:0.9179, Loss:0.305, f1 0.863094, score 0.881180
Model saved.
best_acc:0.9179
[Epoch 31] Train time:2.92, Training accuracy:0.9929. Loss: 0.055 LR:0.000022
[Epoch 31] Validation accuracy:0.9156, Loss:0.313, f1 0.858904, score 0.877614
[Epoch 32] Train time:2.93, Training accuracy:0.9931. Loss: 0.060 LR:0.000021
[Epoch 32] Validation accuracy:0.9117, Loss:0.322, f1 0.855062, score 0.873753
[Epoch 33] Train time:2.93, Training accuracy:0.9940. Loss: 0.049 LR:0.000021
[Epoch 33] Validation accuracy:0.9126, Loss:0.330, f1 0.855584, score 0.874399
[Epoch 34] Train time:2.93, Training accuracy:0.9941. Loss: 0.057 LR:0.000021
[Epoch 34] Validation accuracy:0.9136, Loss:0.316, f1 0.855303, score 0.874541
[Epoch 35] Train time:2.93, Training accuracy:0.9934. Loss: 0.051 LR:0.000020
[Epoch 35] Validation accuracy:0.9153, Loss:0.319, f1 0.859335, score 0.877804
[Epoch 36] Train time:2.93, Training accuracy:0.9945. Loss: 0.042 LR:0.000020
[Epoch 36] Validation accuracy:0.9120, Loss:0.323, f1 0.851841, score 0.871693
[Epoch 37] Train time:2.93, Training accuracy:0.9953. Loss: 0.039 LR:0.000019
[Epoch 37] Validation accuracy:0.9156, Loss:0.325, f1 0.855111, score 0.875072
[Epoch 38] Train time:2.93, Training accuracy:0.9962. Loss: 0.034 LR:0.000019
[Epoch 38] Validation accuracy:0.9162, Loss:0.333, f1 0.861212, score 0.879358
[Epoch 39] Train time:2.93, Training accuracy:0.9957. Loss: 0.041 LR:0.000019
[Epoch 39] Validation accuracy:0.9123, Loss:0.327, f1 0.856754, score 0.875085
[Epoch 40] Train time:2.95, Training accuracy:0.9942. Loss: 0.046 LR:0.000018
[Epoch 40] Validation accuracy:0.9107, Loss:0.335, f1 0.854608, score 0.873118
[Epoch 41] Train time:2.93, Training accuracy:0.9948. Loss: 0.046 LR:0.000018
[Epoch 41] Validation accuracy:0.9117, Loss:0.328, f1 0.854112, score 0.873116
[Epoch 42] Train time:2.93, Training accuracy:0.9956. Loss: 0.030 LR:0.000017
[Epoch 42] Validation accuracy:0.9078, Loss:0.354, f1 0.852883, score 0.871006
[Epoch 43] Train time:2.93, Training accuracy:0.9954. Loss: 0.035 LR:0.000017
[Epoch 43] Validation accuracy:0.9130, Loss:0.339, f1 0.861764, score 0.878672
[Epoch 44] Train time:2.93, Training accuracy:0.9941. Loss: 0.057 LR:0.000017
[Epoch 44] Validation accuracy:0.9136, Loss:0.330, f1 0.859067, score 0.877063
[Epoch 45] Train time:2.93, Training accuracy:0.9930. Loss: 0.065 LR:0.000016
[Epoch 45] Validation accuracy:0.9120, Loss:0.330, f1 0.858224, score 0.875970
[Epoch 46] Train time:2.93, Training accuracy:0.9937. Loss: 0.046 LR:0.000016
[Epoch 46] Validation accuracy:0.9126, Loss:0.338, f1 0.856129, score 0.874764
[Epoch 47] Train time:2.93, Training accuracy:0.9954. Loss: 0.045 LR:0.000016
[Epoch 47] Validation accuracy:0.9169, Loss:0.321, f1 0.862192, score 0.880246
[Epoch 48] Train time:2.93, Training accuracy:0.9963. Loss: 0.035 LR:0.000015
[Epoch 48] Validation accuracy:0.9143, Loss:0.329, f1 0.856521, score 0.875588
[Epoch 49] Train time:2.93, Training accuracy:0.9963. Loss: 0.032 LR:0.000015
[Epoch 49] Validation accuracy:0.9156, Loss:0.327, f1 0.856955, score 0.876308
[Epoch 50] Train time:2.93, Training accuracy:0.9958. Loss: 0.036 LR:0.000015
[Epoch 50] Validation accuracy:0.9123, Loss:0.330, f1 0.853348, score 0.872802
[Epoch 51] Train time:2.93, Training accuracy:0.9947. Loss: 0.046 LR:0.000015
[Epoch 51] Validation accuracy:0.9104, Loss:0.334, f1 0.856090, score 0.874012
[Epoch 52] Train time:2.93, Training accuracy:0.9934. Loss: 0.049 LR:0.000014
[Epoch 52] Validation accuracy:0.9130, Loss:0.333, f1 0.856736, score 0.875303
[Epoch 53] Train time:2.94, Training accuracy:0.9964. Loss: 0.035 LR:0.000014
[Epoch 53] Validation accuracy:0.9146, Loss:0.320, f1 0.851695, score 0.872454
[Epoch 54] Train time:2.94, Training accuracy:0.9945. Loss: 0.054 LR:0.000014
[Epoch 54] Validation accuracy:0.9149, Loss:0.320, f1 0.855700, score 0.875236
[Epoch 55] Train time:2.93, Training accuracy:0.9932. Loss: 0.048 LR:0.000013
[Epoch 55] Validation accuracy:0.9110, Loss:0.320, f1 0.853951, score 0.872777
[Epoch 56] Train time:2.93, Training accuracy:0.9969. Loss: 0.025 LR:0.000013
[Epoch 56] Validation accuracy:0.9140, Loss:0.318, f1 0.854303, score 0.874003
[Epoch 57] Train time:2.93, Training accuracy:0.9969. Loss: 0.027 LR:0.000013
[Epoch 57] Validation accuracy:0.9182, Loss:0.324, f1 0.861437, score 0.880169
Model saved.
best_acc:0.9182
[Epoch 58] Train time:2.91, Training accuracy:0.9976. Loss: 0.023 LR:0.000013
[Epoch 58] Validation accuracy:0.9169, Loss:0.324, f1 0.862148, score 0.880216
[Epoch 59] Train time:2.91, Training accuracy:0.9967. Loss: 0.025 LR:0.000012
[Epoch 59] Validation accuracy:0.9162, Loss:0.326, f1 0.856393, score 0.876130
[Epoch 60] Train time:2.91, Training accuracy:0.9980. Loss: 0.015 LR:0.000012
[Epoch 60] Validation accuracy:0.9146, Loss:0.337, f1 0.859245, score 0.877512
[Epoch 61] Train time:2.91, Training accuracy:0.9980. Loss: 0.020 LR:0.000012
[Epoch 61] Validation accuracy:0.9156, Loss:0.345, f1 0.862252, score 0.879857
[Epoch 62] Train time:2.91, Training accuracy:0.9980. Loss: 0.018 LR:0.000012
[Epoch 62] Validation accuracy:0.9140, Loss:0.335, f1 0.853185, score 0.873254
[Epoch 63] Train time:2.92, Training accuracy:0.9980. Loss: 0.020 LR:0.000011
[Epoch 63] Validation accuracy:0.9166, Loss:0.340, f1 0.865832, score 0.882586
[Epoch 64] Train time:2.91, Training accuracy:0.9970. Loss: 0.020 LR:0.000011
[Epoch 64] Validation accuracy:0.9201, Loss:0.322, f1 0.863958, score 0.882485
Model saved.
best_acc:0.9201
[Epoch 65] Train time:2.91, Training accuracy:0.9977. Loss: 0.019 LR:0.000011
[Epoch 65] Validation accuracy:0.9182, Loss:0.334, f1 0.860052, score 0.879241
[Epoch 66] Train time:2.91, Training accuracy:0.9981. Loss: 0.016 LR:0.000011
[Epoch 66] Validation accuracy:0.9182, Loss:0.336, f1 0.866578, score 0.883613
[Epoch 67] Train time:2.91, Training accuracy:0.9986. Loss: 0.011 LR:0.000011
[Epoch 67] Validation accuracy:0.9156, Loss:0.351, f1 0.860900, score 0.878951
[Epoch 68] Train time:2.91, Training accuracy:0.9984. Loss: 0.019 LR:0.000010
[Epoch 68] Validation accuracy:0.9146, Loss:0.342, f1 0.858817, score 0.877226
[Epoch 69] Train time:2.91, Training accuracy:0.9975. Loss: 0.019 LR:0.000010
[Epoch 69] Validation accuracy:0.9153, Loss:0.350, f1 0.861534, score 0.879277
[Epoch 70] Train time:2.91, Training accuracy:0.9985. Loss: 0.014 LR:0.000010
[Epoch 70] Validation accuracy:0.9166, Loss:0.350, f1 0.861715, score 0.879827
[Epoch 71] Train time:2.91, Training accuracy:0.9974. Loss: 0.024 LR:0.000010
[Epoch 71] Validation accuracy:0.9166, Loss:0.338, f1 0.863891, score 0.881285
[Epoch 72] Train time:2.91, Training accuracy:0.9990. Loss: 0.011 LR:0.000010
[Epoch 72] Validation accuracy:0.9188, Loss:0.340, f1 0.862898, score 0.881345
[Epoch 73] Train time:2.92, Training accuracy:0.9980. Loss: 0.016 LR:0.000009
[Epoch 73] Validation accuracy:0.9201, Loss:0.344, f1 0.870446, score 0.886832
[Epoch 74] Train time:2.91, Training accuracy:0.9982. Loss: 0.016 LR:0.000009
[Epoch 74] Validation accuracy:0.9198, Loss:0.347, f1 0.867456, score 0.884729
[Epoch 75] Train time:2.91, Training accuracy:0.9988. Loss: 0.010 LR:0.000009
[Epoch 75] Validation accuracy:0.9179, Loss:0.348, f1 0.864485, score 0.882112
[Epoch 76] Train time:2.91, Training accuracy:0.9982. Loss: 0.016 LR:0.000009
[Epoch 76] Validation accuracy:0.9159, Loss:0.352, f1 0.862329, score 0.880007
[Epoch 77] Train time:2.91, Training accuracy:0.9972. Loss: 0.020 LR:0.000009
[Epoch 77] Validation accuracy:0.9162, Loss:0.351, f1 0.855789, score 0.875725
[Epoch 78] Train time:2.91, Training accuracy:0.9989. Loss: 0.011 LR:0.000008
[Epoch 78] Validation accuracy:0.9175, Loss:0.353, f1 0.855820, score 0.876174
[Epoch 79] Train time:2.93, Training accuracy:0.9981. Loss: 0.014 LR:0.000008
[Epoch 79] Validation accuracy:0.9179, Loss:0.345, f1 0.859354, score 0.878674
[Epoch 80] Train time:2.91, Training accuracy:0.9991. Loss: 0.009 LR:0.000008
[Epoch 80] Validation accuracy:0.9159, Loss:0.358, f1 0.859296, score 0.877975
[Epoch 81] Train time:2.92, Training accuracy:0.9988. Loss: 0.007 LR:0.000008
[Epoch 81] Validation accuracy:0.9188, Loss:0.353, f1 0.862513, score 0.881088
[Epoch 82] Train time:2.93, Training accuracy:0.9991. Loss: 0.008 LR:0.000008
[Epoch 82] Validation accuracy:0.9188, Loss:0.361, f1 0.860568, score 0.879785
[Epoch 83] Train time:2.91, Training accuracy:0.9980. Loss: 0.021 LR:0.000008
[Epoch 83] Validation accuracy:0.9172, Loss:0.362, f1 0.862401, score 0.880485
[Epoch 84] Train time:2.91, Training accuracy:0.9985. Loss: 0.014 LR:0.000007
[Epoch 84] Validation accuracy:0.9182, Loss:0.362, f1 0.860563, score 0.879583
[Epoch 85] Train time:2.91, Training accuracy:0.9973. Loss: 0.024 LR:0.000007
[Epoch 85] Validation accuracy:0.9172, Loss:0.364, f1 0.854917, score 0.875471
[Epoch 86] Train time:2.91, Training accuracy:0.9978. Loss: 0.021 LR:0.000007
[Epoch 86] Validation accuracy:0.9182, Loss:0.355, f1 0.864571, score 0.882268
[Epoch 87] Train time:2.92, Training accuracy:0.9974. Loss: 0.021 LR:0.000007
[Epoch 87] Validation accuracy:0.9182, Loss:0.351, f1 0.862544, score 0.880910
[Epoch 88] Train time:2.92, Training accuracy:0.9987. Loss: 0.012 LR:0.000007
[Epoch 88] Validation accuracy:0.9182, Loss:0.352, f1 0.864684, score 0.882344
[Epoch 89] Train time:2.91, Training accuracy:0.9976. Loss: 0.019 LR:0.000007
[Epoch 89] Validation accuracy:0.9188, Loss:0.358, f1 0.865089, score 0.882814
[Epoch 90] Train time:2.91, Training accuracy:0.9971. Loss: 0.023 LR:0.000007
[Epoch 90] Validation accuracy:0.9156, Loss:0.355, f1 0.859416, score 0.877957
[Epoch 91] Train time:2.91, Training accuracy:0.9968. Loss: 0.027 LR:0.000006
[Epoch 91] Validation accuracy:0.9188, Loss:0.344, f1 0.862965, score 0.881390
[Epoch 92] Train time:2.91, Training accuracy:0.9983. Loss: 0.016 LR:0.000006
[Epoch 92] Validation accuracy:0.9208, Loss:0.342, f1 0.866979, score 0.884740
Model saved.
best_acc:0.9208
[Epoch 93] Train time:2.91, Training accuracy:0.9988. Loss: 0.012 LR:0.000006
[Epoch 93] Validation accuracy:0.9198, Loss:0.348, f1 0.867383, score 0.884680
[Epoch 94] Train time:2.91, Training accuracy:0.9989. Loss: 0.011 LR:0.000006
[Epoch 94] Validation accuracy:0.9188, Loss:0.356, f1 0.867693, score 0.884558
[Epoch 95] Train time:2.91, Training accuracy:0.9988. Loss: 0.010 LR:0.000006
[Epoch 95] Validation accuracy:0.9211, Loss:0.352, f1 0.866429, score 0.884471
Model saved.
best_acc:0.9211
[Epoch 96] Train time:2.91, Training accuracy:0.9991. Loss: 0.008 LR:0.000006
[Epoch 96] Validation accuracy:0.9182, Loss:0.358, f1 0.863636, score 0.881642
[Epoch 97] Train time:2.91, Training accuracy:0.9982. Loss: 0.013 LR:0.000006
[Epoch 97] Validation accuracy:0.9166, Loss:0.359, f1 0.861306, score 0.879553
[Epoch 98] Train time:2.91, Training accuracy:0.9991. Loss: 0.009 LR:0.000006
[Epoch 98] Validation accuracy:0.9201, Loss:0.356, f1 0.867003, score 0.884525
[Epoch 99] Train time:2.91, Training accuracy:0.9989. Loss: 0.009 LR:0.000006
[Epoch 99] Validation accuracy:0.9201, Loss:0.360, f1 0.861645, score 0.880935
[Epoch 100] Train time:2.93, Training accuracy:0.9989. Loss: 0.009 LR:0.000005
[Epoch 100] Validation accuracy:0.9172, Loss:0.361, f1 0.858836, score 0.878096
[Epoch 101] Train time:2.91, Training accuracy:0.9993. Loss: 0.005 LR:0.000005
[Epoch 101] Validation accuracy:0.9179, Loss:0.360, f1 0.862042, score 0.880476
[Epoch 102] Train time:2.91, Training accuracy:0.9994. Loss: 0.005 LR:0.000005
[Epoch 102] Validation accuracy:0.9188, Loss:0.364, f1 0.862659, score 0.881185
[Epoch 103] Train time:2.91, Training accuracy:0.9985. Loss: 0.011 LR:0.000005
[Epoch 103] Validation accuracy:0.9188, Loss:0.355, f1 0.859675, score 0.879186
[Epoch 104] Train time:2.91, Training accuracy:0.9995. Loss: 0.005 LR:0.000005
[Epoch 104] Validation accuracy:0.9201, Loss:0.355, f1 0.861999, score 0.881173
[Epoch 105] Train time:2.91, Training accuracy:0.9999. Loss: 0.002 LR:0.000005
[Epoch 105] Validation accuracy:0.9214, Loss:0.358, f1 0.862648, score 0.882036
Model saved.
best_acc:0.9214
[Epoch 106] Train time:2.93, Training accuracy:0.9996. Loss: 0.004 LR:0.000005
[Epoch 106] Validation accuracy:0.9201, Loss:0.368, f1 0.860367, score 0.880079
[Epoch 107] Train time:2.92, Training accuracy:0.9995. Loss: 0.008 LR:0.000005
[Epoch 107] Validation accuracy:0.9201, Loss:0.364, f1 0.864907, score 0.883120
[Epoch 108] Train time:2.91, Training accuracy:0.9988. Loss: 0.011 LR:0.000005
[Epoch 108] Validation accuracy:0.9179, Loss:0.364, f1 0.861755, score 0.880283
[Epoch 109] Train time:2.91, Training accuracy:0.9994. Loss: 0.009 LR:0.000005
[Epoch 109] Validation accuracy:0.9182, Loss:0.374, f1 0.860174, score 0.879323
[Epoch 110] Train time:2.91, Training accuracy:0.9991. Loss: 0.013 LR:0.000004
[Epoch 110] Validation accuracy:0.9192, Loss:0.368, f1 0.860723, score 0.880020
[Epoch 111] Train time:2.91, Training accuracy:0.9988. Loss: 0.013 LR:0.000004
[Epoch 111] Validation accuracy:0.9211, Loss:0.365, f1 0.861387, score 0.881092
[Epoch 112] Train time:2.91, Training accuracy:0.9989. Loss: 0.010 LR:0.000004
[Epoch 112] Validation accuracy:0.9208, Loss:0.362, f1 0.862594, score 0.881802
[Epoch 113] Train time:2.91, Training accuracy:0.9985. Loss: 0.009 LR:0.000004
[Epoch 113] Validation accuracy:0.9198, Loss:0.364, f1 0.862483, score 0.881398
[Epoch 114] Train time:2.92, Training accuracy:0.9992. Loss: 0.006 LR:0.000004
[Epoch 114] Validation accuracy:0.9201, Loss:0.365, f1 0.864153, score 0.882615
[Epoch 115] Train time:2.91, Training accuracy:0.9987. Loss: 0.009 LR:0.000004
[Epoch 115] Validation accuracy:0.9195, Loss:0.363, f1 0.864056, score 0.882352
[Epoch 116] Train time:2.91, Training accuracy:0.9997. Loss: 0.003 LR:0.000004
[Epoch 116] Validation accuracy:0.9208, Loss:0.369, f1 0.864363, score 0.882987
[Epoch 117] Train time:2.91, Training accuracy:0.9998. Loss: 0.007 LR:0.000004
[Epoch 117] Validation accuracy:0.9185, Loss:0.374, f1 0.861634, score 0.880400
[Epoch 118] Train time:2.91, Training accuracy:0.9989. Loss: 0.009 LR:0.000004
[Epoch 118] Validation accuracy:0.9205, Loss:0.368, f1 0.865220, score 0.883462
[Epoch 119] Train time:2.91, Training accuracy:0.9993. Loss: 0.006 LR:0.000004
[Epoch 119] Validation accuracy:0.9195, Loss:0.370, f1 0.865547, score 0.883352
[Epoch 120] Train time:2.91, Training accuracy:0.9993. Loss: 0.005 LR:0.000004
[Epoch 120] Validation accuracy:0.9198, Loss:0.371, f1 0.866576, score 0.884140
[Epoch 121] Train time:2.91, Training accuracy:0.9997. Loss: 0.003 LR:0.000004
[Epoch 121] Validation accuracy:0.9208, Loss:0.371, f1 0.867040, score 0.884781
[Epoch 122] Train time:2.91, Training accuracy:0.9995. Loss: 0.004 LR:0.000003
[Epoch 122] Validation accuracy:0.9195, Loss:0.376, f1 0.865171, score 0.883100
[Epoch 123] Train time:2.91, Training accuracy:0.9993. Loss: 0.005 LR:0.000003
[Epoch 123] Validation accuracy:0.9208, Loss:0.375, f1 0.863795, score 0.882606
[Epoch 124] Train time:2.91, Training accuracy:0.9996. Loss: 0.004 LR:0.000003
[Epoch 124] Validation accuracy:0.9192, Loss:0.381, f1 0.862529, score 0.881231
[Epoch 125] Train time:2.91, Training accuracy:0.9991. Loss: 0.007 LR:0.000003
[Epoch 125] Validation accuracy:0.9166, Loss:0.378, f1 0.856065, score 0.876042
[Epoch 126] Train time:2.91, Training accuracy:0.9997. Loss: 0.002 LR:0.000003
[Epoch 126] Validation accuracy:0.9205, Loss:0.372, f1 0.861519, score 0.880983
[Epoch 127] Train time:2.92, Training accuracy:0.9995. Loss: 0.007 LR:0.000003
[Epoch 127] Validation accuracy:0.9224, Loss:0.376, f1 0.869083, score 0.886678
Model saved.
best_acc:0.9224
[Epoch 128] Train time:2.91, Training accuracy:0.9993. Loss: 0.005 LR:0.000003
[Epoch 128] Validation accuracy:0.9169, Loss:0.384, f1 0.858913, score 0.878049
[Epoch 129] Train time:2.91, Training accuracy:0.9995. Loss: 0.004 LR:0.000003
[Epoch 129] Validation accuracy:0.9182, Loss:0.378, f1 0.859247, score 0.878701
[Epoch 130] Train time:2.91, Training accuracy:0.9997. Loss: 0.003 LR:0.000003
[Epoch 130] Validation accuracy:0.9188, Loss:0.380, f1 0.862381, score 0.880999
[Epoch 131] Train time:2.91, Training accuracy:0.9998. Loss: 0.002 LR:0.000003
[Epoch 131] Validation accuracy:0.9221, Loss:0.378, f1 0.864068, score 0.883218
[Epoch 132] Train time:2.91, Training accuracy:1.0000. Loss: 0.001 LR:0.000003
[Epoch 132] Validation accuracy:0.9218, Loss:0.378, f1 0.865217, score 0.883890
[Epoch 133] Train time:2.92, Training accuracy:0.9998. Loss: 0.002 LR:0.000003
[Epoch 133] Validation accuracy:0.9214, Loss:0.377, f1 0.864741, score 0.883439
[Epoch 134] Train time:2.92, Training accuracy:0.9997. Loss: 0.002 LR:0.000003
[Epoch 134] Validation accuracy:0.9185, Loss:0.386, f1 0.859733, score 0.879126
[Epoch 135] Train time:2.92, Training accuracy:0.9998. Loss: 0.002 LR:0.000003
[Epoch 135] Validation accuracy:0.9201, Loss:0.382, f1 0.861026, score 0.880520
[Epoch 136] Train time:2.92, Training accuracy:0.9997. Loss: 0.005 LR:0.000003
[Epoch 136] Validation accuracy:0.9195, Loss:0.380, f1 0.856731, score 0.877445
[Epoch 137] Train time:2.93, Training accuracy:0.9996. Loss: 0.005 LR:0.000003
[Epoch 137] Validation accuracy:0.9192, Loss:0.380, f1 0.860207, score 0.879675
[Epoch 138] Train time:2.93, Training accuracy:0.9993. Loss: 0.009 LR:0.000003
[Epoch 138] Validation accuracy:0.9198, Loss:0.380, f1 0.863670, score 0.882193
[Epoch 139] Train time:2.92, Training accuracy:0.9993. Loss: 0.006 LR:0.000002
[Epoch 139] Validation accuracy:0.9166, Loss:0.384, f1 0.858135, score 0.877429
[Epoch 140] Train time:2.93, Training accuracy:0.9995. Loss: 0.005 LR:0.000002
[Epoch 140] Validation accuracy:0.9162, Loss:0.386, f1 0.858965, score 0.877852
[Epoch 141] Train time:2.93, Training accuracy:0.9997. Loss: 0.004 LR:0.000002
[Epoch 141] Validation accuracy:0.9169, Loss:0.391, f1 0.858007, score 0.877442
[Epoch 142] Train time:2.93, Training accuracy:0.9997. Loss: 0.003 LR:0.000002
[Epoch 142] Validation accuracy:0.9153, Loss:0.383, f1 0.859077, score 0.877631
[Epoch 143] Train time:2.93, Training accuracy:0.9998. Loss: 0.003 LR:0.000002
[Epoch 143] Validation accuracy:0.9182, Loss:0.384, f1 0.863530, score 0.881571
[Epoch 144] Train time:2.93, Training accuracy:0.9999. Loss: 0.001 LR:0.000002
[Epoch 144] Validation accuracy:0.9185, Loss:0.387, f1 0.860290, score 0.879499
[Epoch 145] Train time:2.93, Training accuracy:0.9998. Loss: 0.002 LR:0.000002
[Epoch 145] Validation accuracy:0.9195, Loss:0.386, f1 0.861459, score 0.880613
[Epoch 146] Train time:2.93, Training accuracy:0.9998. Loss: 0.003 LR:0.000002
[Epoch 146] Validation accuracy:0.9185, Loss:0.383, f1 0.863700, score 0.881784
[Epoch 147] Train time:2.93, Training accuracy:0.9998. Loss: 0.002 LR:0.000002
[Epoch 147] Validation accuracy:0.9179, Loss:0.386, f1 0.863744, score 0.881616
[Epoch 148] Train time:2.93, Training accuracy:0.9996. Loss: 0.003 LR:0.000002
[Epoch 148] Validation accuracy:0.9185, Loss:0.390, f1 0.861691, score 0.880438
[Epoch 149] Train time:2.93, Training accuracy:0.9995. Loss: 0.005 LR:0.000002
[Epoch 149] Validation accuracy:0.9182, Loss:0.389, f1 0.860821, score 0.879756
[Epoch 150] Train time:2.93, Training accuracy:0.9998. Loss: 0.002 LR:0.000002
[Epoch 150] Validation accuracy:0.9192, Loss:0.388, f1 0.860852, score 0.880107
[Epoch 151] Train time:2.93, Training accuracy:0.9998. Loss: 0.007 LR:0.000002
[Epoch 151] Validation accuracy:0.9205, Loss:0.387, f1 0.864766, score 0.883158
[Epoch 152] Train time:2.93, Training accuracy:0.9996. Loss: 0.004 LR:0.000002
[Epoch 152] Validation accuracy:0.9205, Loss:0.386, f1 0.864871, score 0.883229
[Epoch 153] Train time:2.95, Training accuracy:0.9997. Loss: 0.003 LR:0.000002
[Epoch 153] Validation accuracy:0.9192, Loss:0.387, f1 0.861806, score 0.880746
[Epoch 154] Train time:2.93, Training accuracy:0.9996. Loss: 0.003 LR:0.000002
[Epoch 154] Validation accuracy:0.9205, Loss:0.385, f1 0.864859, score 0.883220
[Epoch 155] Train time:2.93, Training accuracy:0.9998. Loss: 0.002 LR:0.000002
[Epoch 155] Validation accuracy:0.9201, Loss:0.389, f1 0.862993, score 0.881838
[Epoch 156] Train time:2.93, Training accuracy:0.9998. Loss: 0.001 LR:0.000002
[Epoch 156] Validation accuracy:0.9214, Loss:0.386, f1 0.865199, score 0.883745
[Epoch 157] Train time:2.93, Training accuracy:0.9996. Loss: 0.002 LR:0.000002
[Epoch 157] Validation accuracy:0.9211, Loss:0.388, f1 0.864600, score 0.883245
[Epoch 158] Train time:2.92, Training accuracy:0.9996. Loss: 0.003 LR:0.000002
[Epoch 158] Validation accuracy:0.9195, Loss:0.390, f1 0.863027, score 0.881663
[Epoch 159] Train time:2.93, Training accuracy:0.9996. Loss: 0.003 LR:0.000002
[Epoch 159] Validation accuracy:0.9169, Loss:0.388, f1 0.861795, score 0.879980
[Epoch 160] Train time:2.93, Training accuracy:0.9999. Loss: 0.001 LR:0.000002
[Epoch 160] Validation accuracy:0.9195, Loss:0.385, f1 0.864794, score 0.882847
[Epoch 161] Train time:2.92, Training accuracy:0.9998. Loss: 0.002 LR:0.000002
[Epoch 161] Validation accuracy:0.9198, Loss:0.389, f1 0.864603, score 0.882818
[Epoch 162] Train time:2.93, Training accuracy:0.9996. Loss: 0.005 LR:0.000002
[Epoch 162] Validation accuracy:0.9198, Loss:0.387, f1 0.862066, score 0.881118
[Epoch 163] Train time:2.93, Training accuracy:0.9998. Loss: 0.002 LR:0.000002
[Epoch 163] Validation accuracy:0.9179, Loss:0.393, f1 0.861248, score 0.879943
[Epoch 164] Train time:2.92, Training accuracy:0.9995. Loss: 0.003 LR:0.000001
[Epoch 164] Validation accuracy:0.9182, Loss:0.394, f1 0.862325, score 0.880764
[Epoch 165] Train time:2.94, Training accuracy:0.9998. Loss: 0.004 LR:0.000001
[Epoch 165] Validation accuracy:0.9169, Loss:0.395, f1 0.859896, score 0.878708
[Epoch 166] Train time:2.93, Training accuracy:0.9998. Loss: 0.002 LR:0.000001
[Epoch 166] Validation accuracy:0.9175, Loss:0.396, f1 0.861655, score 0.880084
[Epoch 167] Train time:2.93, Training accuracy:0.9998. Loss: 0.003 LR:0.000001
[Epoch 167] Validation accuracy:0.9185, Loss:0.396, f1 0.863287, score 0.881507
[Epoch 168] Train time:2.93, Training accuracy:0.9996. Loss: 0.002 LR:0.000001
[Epoch 168] Validation accuracy:0.9159, Loss:0.402, f1 0.858858, score 0.877682
[Epoch 169] Train time:2.93, Training accuracy:0.9998. Loss: 0.001 LR:0.000001
[Epoch 169] Validation accuracy:0.9175, Loss:0.400, f1 0.859715, score 0.878784
[Epoch 170] Train time:2.93, Training accuracy:0.9995. Loss: 0.003 LR:0.000001
[Epoch 170] Validation accuracy:0.9182, Loss:0.397, f1 0.858697, score 0.878333
[Epoch 171] Train time:2.93, Training accuracy:0.9999. Loss: 0.001 LR:0.000001
[Epoch 171] Validation accuracy:0.9192, Loss:0.394, f1 0.861444, score 0.880503
[Epoch 172] Train time:2.93, Training accuracy:0.9999. Loss: 0.004 LR:0.000001
[Epoch 172] Validation accuracy:0.9179, Loss:0.395, f1 0.858536, score 0.878126
[Epoch 173] Train time:2.93, Training accuracy:0.9996. Loss: 0.004 LR:0.000001
[Epoch 173] Validation accuracy:0.9201, Loss:0.392, f1 0.864844, score 0.883078
[Epoch 174] Train time:2.93, Training accuracy:0.9998. Loss: 0.006 LR:0.000001
[Epoch 174] Validation accuracy:0.9185, Loss:0.398, f1 0.866156, score 0.883430
[Epoch 175] Train time:2.93, Training accuracy:0.9997. Loss: 0.003 LR:0.000001
[Epoch 175] Validation accuracy:0.9192, Loss:0.396, f1 0.865506, score 0.883225
[Epoch 176] Train time:2.93, Training accuracy:0.9999. Loss: 0.002 LR:0.000001
[Epoch 176] Validation accuracy:0.9192, Loss:0.393, f1 0.865871, score 0.883470
[Epoch 177] Train time:2.93, Training accuracy:0.9999. Loss: 0.001 LR:0.000001
[Epoch 177] Validation accuracy:0.9211, Loss:0.393, f1 0.867401, score 0.885122
[Epoch 178] Train time:2.93, Training accuracy:0.9998. Loss: 0.001 LR:0.000001
[Epoch 178] Validation accuracy:0.9201, Loss:0.394, f1 0.867867, score 0.885104
[Epoch 179] Train time:2.93, Training accuracy:0.9999. Loss: 0.002 LR:0.000001
[Epoch 179] Validation accuracy:0.9208, Loss:0.393, f1 0.869378, score 0.886347
[Epoch 180] Train time:2.93, Training accuracy:0.9996. Loss: 0.003 LR:0.000001
[Epoch 180] Validation accuracy:0.9195, Loss:0.398, f1 0.866481, score 0.883977
[Epoch 181] Train time:2.93, Training accuracy:0.9998. Loss: 0.003 LR:0.000001
[Epoch 181] Validation accuracy:0.9195, Loss:0.399, f1 0.863043, score 0.881674
[Epoch 182] Train time:2.93, Training accuracy:0.9997. Loss: 0.002 LR:0.000001
[Epoch 182] Validation accuracy:0.9175, Loss:0.398, f1 0.862380, score 0.880569
[Epoch 183] Train time:2.94, Training accuracy:0.9998. Loss: 0.002 LR:0.000001
[Epoch 183] Validation accuracy:0.9175, Loss:0.396, f1 0.862905, score 0.880921
[Epoch 184] Train time:2.93, Training accuracy:0.9996. Loss: 0.002 LR:0.000001
[Epoch 184] Validation accuracy:0.9188, Loss:0.396, f1 0.860635, score 0.879829
[Epoch 185] Train time:2.93, Training accuracy:0.9998. Loss: 0.002 LR:0.000001
[Epoch 185] Validation accuracy:0.9201, Loss:0.393, f1 0.864943, score 0.883145
[Epoch 186] Train time:2.93, Training accuracy:0.9998. Loss: 0.002 LR:0.000001
[Epoch 186] Validation accuracy:0.9205, Loss:0.389, f1 0.867048, score 0.884687
[Epoch 187] Train time:2.93, Training accuracy:0.9998. Loss: 0.002 LR:0.000001
[Epoch 187] Validation accuracy:0.9218, Loss:0.395, f1 0.865265, score 0.883922
[Epoch 188] Train time:2.93, Training accuracy:0.9999. Loss: 0.001 LR:0.000001
[Epoch 188] Validation accuracy:0.9201, Loss:0.393, f1 0.866947, score 0.884487
[Epoch 189] Train time:2.93, Training accuracy:1.0000. Loss: 0.001 LR:0.000001
[Epoch 189] Validation accuracy:0.9201, Loss:0.392, f1 0.865041, score 0.883210
[Epoch 190] Train time:2.93, Training accuracy:0.9999. Loss: 0.003 LR:0.000001
[Epoch 190] Validation accuracy:0.9205, Loss:0.393, f1 0.865181, score 0.883437
[Epoch 191] Train time:2.93, Training accuracy:0.9998. Loss: 0.003 LR:0.000001
[Epoch 191] Validation accuracy:0.9188, Loss:0.395, f1 0.867497, score 0.884427
[Epoch 192] Train time:2.93, Training accuracy:0.9995. Loss: 0.004 LR:0.000001
[Epoch 192] Validation accuracy:0.9182, Loss:0.393, f1 0.863853, score 0.881788
[Epoch 193] Train time:2.93, Training accuracy:1.0000. Loss: 0.001 LR:0.000001
[Epoch 193] Validation accuracy:0.9188, Loss:0.397, f1 0.861899, score 0.880677
[Epoch 194] Train time:2.93, Training accuracy:0.9999. Loss: 0.003 LR:0.000001
[Epoch 194] Validation accuracy:0.9195, Loss:0.393, f1 0.863198, score 0.881778
[Epoch 195] Train time:2.92, Training accuracy:0.9998. Loss: 0.003 LR:0.000001
[Epoch 195] Validation accuracy:0.9192, Loss:0.391, f1 0.863816, score 0.882093
[Epoch 196] Train time:2.92, Training accuracy:0.9995. Loss: 0.004 LR:0.000001
[Epoch 196] Validation accuracy:0.9201, Loss:0.392, f1 0.865387, score 0.883443
[Epoch 197] Train time:2.92, Training accuracy:0.9998. Loss: 0.002 LR:0.000001
[Epoch 197] Validation accuracy:0.9195, Loss:0.398, f1 0.861900, score 0.880908
[Epoch 198] Train time:2.92, Training accuracy:0.9998. Loss: 0.002 LR:0.000001
[Epoch 198] Validation accuracy:0.9179, Loss:0.395, f1 0.860957, score 0.879748
[Epoch 199] Train time:2.92, Training accuracy:1.0000. Loss: 0.001 LR:0.000001
[Epoch 199] Validation accuracy:0.9208, Loss:0.394, f1 0.865634, score 0.883839
[Epoch 200] Train time:2.92, Training accuracy:0.9999. Loss: 0.001 LR:0.000001
[Epoch 200] Validation accuracy:0.9211, Loss:0.395, f1 0.866633, score 0.884607
[Epoch 201] Train time:2.92, Training accuracy:0.9998. Loss: 0.002 LR:0.000001
[Epoch 201] Validation accuracy:0.9205, Loss:0.396, f1 0.866177, score 0.884104
[Epoch 202] Train time:2.92, Training accuracy:0.9999. Loss: 0.001 LR:0.000001
[Epoch 202] Validation accuracy:0.9208, Loss:0.395, f1 0.867140, score 0.884848
[Epoch 203] Train time:2.93, Training accuracy:0.9999. Loss: 0.001 LR:0.000001
[Epoch 203] Validation accuracy:0.9218, Loss:0.391, f1 0.870541, score 0.887456
[Epoch 204] Train time:2.93, Training accuracy:0.9999. Loss: 0.001 LR:0.000001
[Epoch 204] Validation accuracy:0.9214, Loss:0.393, f1 0.869104, score 0.886361
[Epoch 205] Train time:2.93, Training accuracy:0.9996. Loss: 0.002 LR:0.000001
[Epoch 205] Validation accuracy:0.9211, Loss:0.393, f1 0.869684, score 0.886651
[Epoch 206] Train time:2.93, Training accuracy:0.9998. Loss: 0.004 LR:0.000001
[Epoch 206] Validation accuracy:0.9218, Loss:0.395, f1 0.868891, score 0.886351
[Epoch 207] Train time:2.93, Training accuracy:0.9997. Loss: 0.002 LR:0.000001
[Epoch 207] Validation accuracy:0.9208, Loss:0.395, f1 0.866072, score 0.884132
[Epoch 208] Train time:2.93, Training accuracy:0.9997. Loss: 0.007 LR:0.000001
[Epoch 208] Validation accuracy:0.9201, Loss:0.395, f1 0.866010, score 0.883859
[Epoch 209] Train time:2.93, Training accuracy:0.9995. Loss: 0.005 LR:0.000001
[Epoch 209] Validation accuracy:0.9192, Loss:0.401, f1 0.864492, score 0.882546
[Epoch 210] Train time:2.93, Training accuracy:0.9998. Loss: 0.002 LR:0.000001
[Epoch 210] Validation accuracy:0.9188, Loss:0.398, f1 0.862539, score 0.881105
[Epoch 211] Train time:2.93, Training accuracy:0.9998. Loss: 0.002 LR:0.000001
[Epoch 211] Validation accuracy:0.9179, Loss:0.397, f1 0.862559, score 0.880822
[Epoch 212] Train time:2.93, Training accuracy:0.9999. Loss: 0.001 LR:0.000001
[Epoch 212] Validation accuracy:0.9198, Loss:0.395, f1 0.865248, score 0.883250
[Epoch 213] Train time:2.93, Training accuracy:0.9999. Loss: 0.001 LR:0.000001
[Epoch 213] Validation accuracy:0.9201, Loss:0.395, f1 0.867179, score 0.884643
[Epoch 214] Train time:2.93, Training accuracy:0.9999. Loss: 0.001 LR:0.000001
[Epoch 214] Validation accuracy:0.9192, Loss:0.397, f1 0.863778, score 0.882068
[Epoch 215] Train time:2.92, Training accuracy:0.9998. Loss: 0.001 LR:0.000001
[Epoch 215] Validation accuracy:0.9198, Loss:0.395, f1 0.865305, score 0.883288
[Epoch 216] Train time:2.93, Training accuracy:0.9999. Loss: 0.002 LR:0.000001
[Epoch 216] Validation accuracy:0.9185, Loss:0.396, f1 0.863680, score 0.881771
[Epoch 217] Train time:2.93, Training accuracy:1.0000. Loss: 0.001 LR:0.000001
[Epoch 217] Validation accuracy:0.9188, Loss:0.396, f1 0.864623, score 0.882501
[Epoch 218] Train time:2.93, Training accuracy:1.0000. Loss: 0.001 LR:0.000000
[Epoch 218] Validation accuracy:0.9195, Loss:0.397, f1 0.863632, score 0.882068
[Epoch 219] Train time:2.93, Training accuracy:0.9998. Loss: 0.006 LR:0.000000
[Epoch 219] Validation accuracy:0.9185, Loss:0.391, f1 0.863860, score 0.881891
[Epoch 220] Train time:2.93, Training accuracy:0.9998. Loss: 0.002 LR:0.000000
[Epoch 220] Validation accuracy:0.9205, Loss:0.395, f1 0.866359, score 0.884225
[Epoch 221] Train time:2.93, Training accuracy:1.0000. Loss: 0.001 LR:0.000000
[Epoch 221] Validation accuracy:0.9185, Loss:0.396, f1 0.865782, score 0.883179
[Epoch 222] Train time:2.92, Training accuracy:0.9997. Loss: 0.004 LR:0.000000
[Epoch 222] Validation accuracy:0.9211, Loss:0.394, f1 0.867287, score 0.885045
[Epoch 223] Train time:2.92, Training accuracy:0.9998. Loss: 0.003 LR:0.000000
[Epoch 223] Validation accuracy:0.9195, Loss:0.395, f1 0.863541, score 0.882007
[Epoch 224] Train time:2.92, Training accuracy:0.9999. Loss: 0.001 LR:0.000000
[Epoch 224] Validation accuracy:0.9169, Loss:0.398, f1 0.861251, score 0.879615
[Epoch 225] Train time:2.93, Training accuracy:0.9998. Loss: 0.001 LR:0.000000
[Epoch 225] Validation accuracy:0.9175, Loss:0.400, f1 0.861659, score 0.880087
[Epoch 226] Train time:2.92, Training accuracy:1.0000. Loss: 0.001 LR:0.000000
[Epoch 226] Validation accuracy:0.9166, Loss:0.399, f1 0.860971, score 0.879329
[Epoch 227] Train time:2.92, Training accuracy:1.0000. Loss: 0.001 LR:0.000000
[Epoch 227] Validation accuracy:0.9179, Loss:0.400, f1 0.861437, score 0.880070
[Epoch 228] Train time:2.92, Training accuracy:0.9999. Loss: 0.002 LR:0.000000
[Epoch 228] Validation accuracy:0.9159, Loss:0.399, f1 0.858631, score 0.877530
[Epoch 229] Train time:2.92, Training accuracy:0.9999. Loss: 0.001 LR:0.000000
[Epoch 229] Validation accuracy:0.9169, Loss:0.397, f1 0.861558, score 0.879821
[Epoch 230] Train time:2.92, Training accuracy:0.9997. Loss: 0.002 LR:0.000000
[Epoch 230] Validation accuracy:0.9192, Loss:0.395, f1 0.863504, score 0.881884
[Epoch 231] Train time:2.92, Training accuracy:0.9998. Loss: 0.002 LR:0.000000
[Epoch 231] Validation accuracy:0.9179, Loss:0.395, f1 0.861937, score 0.880405
[Epoch 232] Train time:2.92, Training accuracy:0.9998. Loss: 0.003 LR:0.000000
[Epoch 232] Validation accuracy:0.9156, Loss:0.400, f1 0.858346, score 0.877240
[Epoch 233] Train time:2.92, Training accuracy:0.9999. Loss: 0.001 LR:0.000000
[Epoch 233] Validation accuracy:0.9195, Loss:0.397, f1 0.862786, score 0.881502
[Epoch 234] Train time:2.94, Training accuracy:1.0000. Loss: 0.001 LR:0.000000
[Epoch 234] Validation accuracy:0.9208, Loss:0.394, f1 0.864549, score 0.883112
[Epoch 235] Train time:2.94, Training accuracy:0.9999. Loss: 0.003 LR:0.000000
[Epoch 235] Validation accuracy:0.9214, Loss:0.398, f1 0.864769, score 0.883457
[Epoch 236] Train time:2.92, Training accuracy:1.0000. Loss: 0.001 LR:0.000000
[Epoch 236] Validation accuracy:0.9175, Loss:0.398, f1 0.859985, score 0.878965
[Epoch 237] Train time:2.93, Training accuracy:0.9998. Loss: 0.001 LR:0.000000
[Epoch 237] Validation accuracy:0.9198, Loss:0.398, f1 0.862888, score 0.881669
[Epoch 238] Train time:2.93, Training accuracy:0.9999. Loss: 0.001 LR:0.000000
[Epoch 238] Validation accuracy:0.9205, Loss:0.398, f1 0.863593, score 0.882373
[Epoch 239] Train time:2.92, Training accuracy:0.9999. Loss: 0.001 LR:0.000000
[Epoch 239] Validation accuracy:0.9175, Loss:0.401, f1 0.859583, score 0.878695
[Epoch 240] Train time:2.92, Training accuracy:0.9998. Loss: 0.002 LR:0.000000
[Epoch 240] Validation accuracy:0.9198, Loss:0.401, f1 0.863524, score 0.882095
[Epoch 241] Train time:2.92, Training accuracy:0.9998. Loss: 0.002 LR:0.000000
[Epoch 241] Validation accuracy:0.9188, Loss:0.396, f1 0.862140, score 0.880838
[Epoch 242] Train time:2.92, Training accuracy:0.9999. Loss: 0.001 LR:0.000000
[Epoch 242] Validation accuracy:0.9182, Loss:0.398, f1 0.862167, score 0.880658
[Epoch 243] Train time:2.92, Training accuracy:0.9999. Loss: 0.001 LR:0.000000
[Epoch 243] Validation accuracy:0.9201, Loss:0.396, f1 0.863646, score 0.882276
[Epoch 244] Train time:2.92, Training accuracy:0.9999. Loss: 0.001 LR:0.000000
[Epoch 244] Validation accuracy:0.9182, Loss:0.401, f1 0.860506, score 0.879545
[Epoch 245] Train time:2.92, Training accuracy:0.9998. Loss: 0.003 LR:0.000000
[Epoch 245] Validation accuracy:0.9198, Loss:0.402, f1 0.862741, score 0.881570
[Epoch 246] Train time:2.92, Training accuracy:0.9998. Loss: 0.001 LR:0.000000
[Epoch 246] Validation accuracy:0.9195, Loss:0.396, f1 0.864125, score 0.882399
[Epoch 247] Train time:2.92, Training accuracy:0.9998. Loss: 0.001 LR:0.000000
[Epoch 247] Validation accuracy:0.9185, Loss:0.396, f1 0.863035, score 0.881339
[Epoch 248] Train time:2.92, Training accuracy:1.0000. Loss: 0.001 LR:0.000000
[Epoch 248] Validation accuracy:0.9195, Loss:0.397, f1 0.864720, score 0.882797
[Epoch 249] Train time:2.92, Training accuracy:1.0000. Loss: 0.001 LR:0.000000
[Epoch 249] Validation accuracy:0.9185, Loss:0.400, f1 0.863480, score 0.881637
[Epoch 250] Train time:2.92, Training accuracy:0.9998. Loss: 0.002 LR:0.000000
[Epoch 250] Validation accuracy:0.9198, Loss:0.395, f1 0.865744, score 0.883582
[Epoch 251] Train time:2.92, Training accuracy:0.9998. Loss: 0.001 LR:0.000000
[Epoch 251] Validation accuracy:0.9179, Loss:0.397, f1 0.862051, score 0.880481
[Epoch 252] Train time:2.93, Training accuracy:1.0000. Loss: 0.001 LR:0.000000
[Epoch 252] Validation accuracy:0.9188, Loss:0.397, f1 0.864524, score 0.882435
[Epoch 253] Train time:2.93, Training accuracy:1.0000. Loss: 0.001 LR:0.000000
[Epoch 253] Validation accuracy:0.9198, Loss:0.393, f1 0.865793, score 0.883615
[Epoch 254] Train time:2.93, Training accuracy:1.0000. Loss: 0.001 LR:0.000000
[Epoch 254] Validation accuracy:0.9188, Loss:0.397, f1 0.864052, score 0.882119
[Epoch 255] Train time:2.92, Training accuracy:1.0000. Loss: 0.001 LR:0.000000
[Epoch 255] Validation accuracy:0.9198, Loss:0.399, f1 0.864435, score 0.882705
[Epoch 256] Train time:2.93, Training accuracy:0.9999. Loss: 0.001 LR:0.000000
[Epoch 256] Validation accuracy:0.9201, Loss:0.396, f1 0.863450, score 0.882144
[Epoch 257] Train time:2.92, Training accuracy:0.9999. Loss: 0.002 LR:0.000000
[Epoch 257] Validation accuracy:0.9169, Loss:0.400, f1 0.860538, score 0.879137
[Epoch 258] Train time:2.92, Training accuracy:0.9998. Loss: 0.002 LR:0.000000
[Epoch 258] Validation accuracy:0.9188, Loss:0.393, f1 0.864131, score 0.882171
[Epoch 259] Train time:2.92, Training accuracy:1.0000. Loss: 0.001 LR:0.000000
[Epoch 259] Validation accuracy:0.9198, Loss:0.396, f1 0.861972, score 0.881055
[Epoch 260] Train time:2.92, Training accuracy:1.0000. Loss: 0.001 LR:0.000000
[Epoch 260] Validation accuracy:0.9192, Loss:0.395, f1 0.863071, score 0.881593
[Epoch 261] Train time:2.92, Training accuracy:1.0000. Loss: 0.001 LR:0.000000
[Epoch 261] Validation accuracy:0.9188, Loss:0.397, f1 0.863327, score 0.881633
[Epoch 262] Train time:2.92, Training accuracy:0.9999. Loss: 0.001 LR:0.000000
[Epoch 262] Validation accuracy:0.9182, Loss:0.397, f1 0.863129, score 0.881303
[Epoch 263] Train time:2.92, Training accuracy:0.9999. Loss: 0.001 LR:0.000000
[Epoch 263] Validation accuracy:0.9198, Loss:0.397, f1 0.863397, score 0.882010
[Epoch 264] Train time:2.92, Training accuracy:1.0000. Loss: 0.001 LR:0.000000
[Epoch 264] Validation accuracy:0.9214, Loss:0.394, f1 0.867420, score 0.885233
[Epoch 265] Train time:2.92, Training accuracy:0.9998. Loss: 0.002 LR:0.000000
[Epoch 265] Validation accuracy:0.9185, Loss:0.397, f1 0.861253, score 0.880144
[Epoch 266] Train time:2.92, Training accuracy:0.9998. Loss: 0.002 LR:0.000000
[Epoch 266] Validation accuracy:0.9224, Loss:0.396, f1 0.867227, score 0.885434
[Epoch 267] Train time:2.92, Training accuracy:0.9999. Loss: 0.001 LR:0.000000
[Epoch 267] Validation accuracy:0.9188, Loss:0.397, f1 0.865147, score 0.882852
[Epoch 268] Train time:2.92, Training accuracy:0.9998. Loss: 0.002 LR:0.000000
[Epoch 268] Validation accuracy:0.9185, Loss:0.397, f1 0.862757, score 0.881153
[Epoch 269] Train time:2.92, Training accuracy:0.9998. Loss: 0.001 LR:0.000000
[Epoch 269] Validation accuracy:0.9182, Loss:0.399, f1 0.862359, score 0.880786
[Epoch 270] Train time:2.93, Training accuracy:0.9999. Loss: 0.001 LR:0.000000
[Epoch 270] Validation accuracy:0.9185, Loss:0.401, f1 0.864315, score 0.882196
[Epoch 271] Train time:2.92, Training accuracy:0.9998. Loss: 0.002 LR:0.000000
[Epoch 271] Validation accuracy:0.9182, Loss:0.394, f1 0.863240, score 0.881377
[Epoch 272] Train time:2.92, Training accuracy:1.0000. Loss: 0.001 LR:0.000000
[Epoch 272] Validation accuracy:0.9195, Loss:0.399, f1 0.863304, score 0.881849
[Epoch 273] Train time:2.93, Training accuracy:0.9999. Loss: 0.005 LR:0.000000
[Epoch 273] Validation accuracy:0.9195, Loss:0.402, f1 0.863611, score 0.882055
[Epoch 274] Train time:2.92, Training accuracy:0.9997. Loss: 0.001 LR:0.000000
[Epoch 274] Validation accuracy:0.9192, Loss:0.398, f1 0.861503, score 0.880543
[Epoch 275] Train time:2.92, Training accuracy:0.9999. Loss: 0.003 LR:0.000000
[Epoch 275] Validation accuracy:0.9195, Loss:0.400, f1 0.863959, score 0.882288
[Epoch 276] Train time:2.92, Training accuracy:1.0000. Loss: 0.001 LR:0.000000
[Epoch 276] Validation accuracy:0.9201, Loss:0.396, f1 0.863993, score 0.882508
[Epoch 277] Train time:2.92, Training accuracy:0.9999. Loss: 0.002 LR:0.000000
[Epoch 277] Validation accuracy:0.9192, Loss:0.400, f1 0.861514, score 0.880550
[Epoch 278] Train time:2.93, Training accuracy:0.9999. Loss: 0.001 LR:0.000000
[Epoch 278] Validation accuracy:0.9192, Loss:0.400, f1 0.861948, score 0.880841
[Epoch 279] Train time:2.92, Training accuracy:0.9998. Loss: 0.003 LR:0.000000
[Epoch 279] Validation accuracy:0.9192, Loss:0.402, f1 0.860244, score 0.879700
[Epoch 280] Train time:2.92, Training accuracy:0.9999. Loss: 0.001 LR:0.000000
[Epoch 280] Validation accuracy:0.9192, Loss:0.400, f1 0.863745, score 0.882045
[Epoch 281] Train time:2.92, Training accuracy:0.9998. Loss: 0.001 LR:0.000000
[Epoch 281] Validation accuracy:0.9188, Loss:0.401, f1 0.861998, score 0.880743
[Epoch 282] Train time:2.92, Training accuracy:0.9999. Loss: 0.001 LR:0.000000
[Epoch 282] Validation accuracy:0.9185, Loss:0.399, f1 0.862837, score 0.881206
[Epoch 283] Train time:2.92, Training accuracy:1.0000. Loss: 0.001 LR:0.000000
[Epoch 283] Validation accuracy:0.9182, Loss:0.399, f1 0.860781, score 0.879729
[Epoch 284] Train time:2.92, Training accuracy:1.0000. Loss: 0.001 LR:0.000000
[Epoch 284] Validation accuracy:0.9192, Loss:0.398, f1 0.863242, score 0.881708
[Epoch 285] Train time:2.92, Training accuracy:0.9999. Loss: 0.001 LR:0.000000
[Epoch 285] Validation accuracy:0.9192, Loss:0.400, f1 0.862554, score 0.881247
[Epoch 286] Train time:2.93, Training accuracy:0.9999. Loss: 0.001 LR:0.000000
[Epoch 286] Validation accuracy:0.9195, Loss:0.397, f1 0.865203, score 0.883121
[Epoch 287] Train time:2.94, Training accuracy:1.0000. Loss: 0.001 LR:0.000000
[Epoch 287] Validation accuracy:0.9198, Loss:0.398, f1 0.862852, score 0.881645
[Epoch 288] Train time:2.92, Training accuracy:0.9999. Loss: 0.002 LR:0.000000
[Epoch 288] Validation accuracy:0.9175, Loss:0.402, f1 0.861088, score 0.879704
[Epoch 289] Train time:2.92, Training accuracy:0.9999. Loss: 0.008 LR:0.000000
[Epoch 289] Validation accuracy:0.9195, Loss:0.399, f1 0.862210, score 0.881116
[Epoch 290] Train time:2.92, Training accuracy:0.9999. Loss: 0.002 LR:0.000000
[Epoch 290] Validation accuracy:0.9185, Loss:0.400, f1 0.861748, score 0.880476
[Epoch 291] Train time:2.92, Training accuracy:0.9998. Loss: 0.002 LR:0.000000
[Epoch 291] Validation accuracy:0.9185, Loss:0.396, f1 0.864832, score 0.882542
[Epoch 292] Train time:2.92, Training accuracy:0.9999. Loss: 0.001 LR:0.000000
[Epoch 292] Validation accuracy:0.9201, Loss:0.394, f1 0.865070, score 0.883230
[Epoch 293] Train time:2.92, Training accuracy:0.9999. Loss: 0.001 LR:0.000000
[Epoch 293] Validation accuracy:0.9185, Loss:0.401, f1 0.861754, score 0.880480
[Epoch 294] Train time:2.92, Training accuracy:0.9999. Loss: 0.001 LR:0.000000
[Epoch 294] Validation accuracy:0.9198, Loss:0.401, f1 0.863359, score 0.881985
[Epoch 295] Train time:2.92, Training accuracy:0.9998. Loss: 0.001 LR:0.000000
[Epoch 295] Validation accuracy:0.9195, Loss:0.397, f1 0.862783, score 0.881499
[Epoch 296] Train time:2.92, Training accuracy:0.9999. Loss: 0.001 LR:0.000000
[Epoch 296] Validation accuracy:0.9218, Loss:0.397, f1 0.865651, score 0.884180
[Epoch 297] Train time:2.93, Training accuracy:0.9998. Loss: 0.003 LR:0.000000
[Epoch 297] Validation accuracy:0.9198, Loss:0.400, f1 0.862853, score 0.881645
[Epoch 298] Train time:2.92, Training accuracy:1.0000. Loss: 0.001 LR:0.000000
[Epoch 298] Validation accuracy:0.9198, Loss:0.398, f1 0.863154, score 0.881848
[Epoch 299] Train time:2.92, Training accuracy:1.0000. Loss: 0.001 LR:0.000000
[Epoch 299] Validation accuracy:0.9205, Loss:0.397, f1 0.865645, score 0.883747
[Epoch 300] Train time:2.92, Training accuracy:0.9999. Loss: 0.001 LR:0.000000
[Epoch 300] Validation accuracy:0.9175, Loss:0.401, f1 0.859721, score 0.878788
[Epoch 301] Train time:2.92, Training accuracy:0.9998. Loss: 0.001 LR:0.000000
[Epoch 301] Validation accuracy:0.9185, Loss:0.404, f1 0.860291, score 0.879500
[Epoch 302] Train time:2.92, Training accuracy:1.0000. Loss: 0.001 LR:0.000000
[Epoch 302] Validation accuracy:0.9198, Loss:0.398, f1 0.864778, score 0.882935
[Epoch 303] Train time:2.92, Training accuracy:0.9998. Loss: 0.001 LR:0.000000
[Epoch 303] Validation accuracy:0.9192, Loss:0.398, f1 0.864387, score 0.882476
[Epoch 304] Train time:2.92, Training accuracy:1.0000. Loss: 0.001 LR:0.000000
[Epoch 304] Validation accuracy:0.9192, Loss:0.397, f1 0.862652, score 0.881313
[Epoch 305] Train time:2.92, Training accuracy:0.9999. Loss: 0.001 LR:0.000000
[Epoch 305] Validation accuracy:0.9208, Loss:0.395, f1 0.865729, score 0.883903
[Epoch 306] Train time:2.92, Training accuracy:0.9999. Loss: 0.002 LR:0.000000
[Epoch 306] Validation accuracy:0.9201, Loss:0.401, f1 0.863537, score 0.882203
[Epoch 307] Train time:2.92, Training accuracy:0.9998. Loss: 0.002 LR:0.000000
[Epoch 307] Validation accuracy:0.9185, Loss:0.399, f1 0.862449, score 0.880946
[Epoch 308] Train time:2.92, Training accuracy:0.9998. Loss: 0.001 LR:0.000000
[Epoch 308] Validation accuracy:0.9188, Loss:0.400, f1 0.862419, score 0.881025
[Epoch 309] Train time:2.92, Training accuracy:0.9999. Loss: 0.001 LR:0.000000
[Epoch 309] Validation accuracy:0.9198, Loss:0.398, f1 0.864621, score 0.882830
[Epoch 310] Train time:2.93, Training accuracy:0.9999. Loss: 0.001 LR:0.000000
[Epoch 310] Validation accuracy:0.9224, Loss:0.396, f1 0.865939, score 0.884571
[Epoch 311] Train time:2.92, Training accuracy:0.9999. Loss: 0.001 LR:0.000000
[Epoch 311] Validation accuracy:0.9201, Loss:0.401, f1 0.865336, score 0.883408
[Epoch 312] Train time:2.92, Training accuracy:0.9999. Loss: 0.001 LR:0.000000
[Epoch 312] Validation accuracy:0.9208, Loss:0.399, f1 0.863864, score 0.882653
[Epoch 313] Train time:2.93, Training accuracy:1.0000. Loss: 0.001 LR:0.000000
[Epoch 313] Validation accuracy:0.9201, Loss:0.399, f1 0.865270, score 0.883364
[Epoch 314] Train time:2.92, Training accuracy:0.9998. Loss: 0.001 LR:0.000000
[Epoch 314] Validation accuracy:0.9192, Loss:0.397, f1 0.864194, score 0.882346
[Epoch 315] Train time:2.92, Training accuracy:0.9999. Loss: 0.001 LR:0.000000
[Epoch 315] Validation accuracy:0.9208, Loss:0.398, f1 0.866282, score 0.884273
[Epoch 316] Train time:2.92, Training accuracy:0.9999. Loss: 0.001 LR:0.000000
[Epoch 316] Validation accuracy:0.9192, Loss:0.397, f1 0.864042, score 0.882244
[Epoch 317] Train time:2.93, Training accuracy:1.0000. Loss: 0.001 LR:0.000000
[Epoch 317] Validation accuracy:0.9188, Loss:0.400, f1 0.862414, score 0.881021
[Epoch 318] Train time:2.93, Training accuracy:0.9998. Loss: 0.002 LR:0.000000
[Epoch 318] Validation accuracy:0.9218, Loss:0.394, f1 0.867031, score 0.885105
[Epoch 319] Train time:2.92, Training accuracy:0.9998. Loss: 0.001 LR:0.000000
[Epoch 319] Validation accuracy:0.9188, Loss:0.400, f1 0.862858, score 0.881319
[Epoch 320] Train time:2.92, Training accuracy:0.9998. Loss: 0.001 LR:0.000000
[Epoch 320] Validation accuracy:0.9188, Loss:0.396, f1 0.863334, score 0.881638
[Epoch 321] Train time:2.92, Training accuracy:0.9998. Loss: 0.002 LR:0.000000
[Epoch 321] Validation accuracy:0.9192, Loss:0.396, f1 0.864749, score 0.882718
[Epoch 322] Train time:2.93, Training accuracy:1.0000. Loss: 0.001 LR:0.000000
[Epoch 322] Validation accuracy:0.9185, Loss:0.401, f1 0.861855, score 0.880548
[Epoch 323] Train time:2.92, Training accuracy:1.0000. Loss: 0.001 LR:0.000000
[Epoch 323] Validation accuracy:0.9214, Loss:0.398, f1 0.866128, score 0.884368
[Epoch 324] Train time:2.92, Training accuracy:1.0000. Loss: 0.001 LR:0.000000
[Epoch 324] Validation accuracy:0.9205, Loss:0.399, f1 0.862934, score 0.881931
[Epoch 325] Train time:2.93, Training accuracy:1.0000. Loss: 0.001 LR:0.000000
[Epoch 325] Validation accuracy:0.9198, Loss:0.400, f1 0.864217, score 0.882559
[Epoch 326] Train time:2.92, Training accuracy:0.9998. Loss: 0.001 LR:0.000000
[Epoch 326] Validation accuracy:0.9201, Loss:0.401, f1 0.863824, score 0.882395
[Epoch 327] Train time:2.92, Training accuracy:1.0000. Loss: 0.001 LR:0.000000
[Epoch 327] Validation accuracy:0.9195, Loss:0.400, f1 0.863696, score 0.882111
[Epoch 328] Train time:2.92, Training accuracy:0.9999. Loss: 0.002 LR:0.000000
[Epoch 328] Validation accuracy:0.9201, Loss:0.402, f1 0.863077, score 0.881895
[Epoch 329] Train time:2.92, Training accuracy:1.0000. Loss: 0.001 LR:0.000000
[Epoch 329] Validation accuracy:0.9198, Loss:0.400, f1 0.863606, score 0.882150
[Epoch 330] Train time:2.94, Training accuracy:0.9998. Loss: 0.002 LR:0.000000
[Epoch 330] Validation accuracy:0.9188, Loss:0.403, f1 0.862191, score 0.880872
[Epoch 331] Train time:2.92, Training accuracy:1.0000. Loss: 0.001 LR:0.000000
[Epoch 331] Validation accuracy:0.9201, Loss:0.399, f1 0.864758, score 0.883021
[Epoch 332] Train time:2.93, Training accuracy:0.9999. Loss: 0.005 LR:0.000000
[Epoch 332] Validation accuracy:0.9192, Loss:0.402, f1 0.861709, score 0.880681
[Epoch 333] Train time:2.92, Training accuracy:1.0000. Loss: 0.001 LR:0.000000
[Epoch 333] Validation accuracy:0.9211, Loss:0.398, f1 0.864460, score 0.883151
[Epoch 334] Train time:2.92, Training accuracy:0.9999. Loss: 0.001 LR:0.000000
[Epoch 334] Validation accuracy:0.9198, Loss:0.398, f1 0.863998, score 0.882413
[Epoch 335] Train time:2.93, Training accuracy:1.0000. Loss: 0.001 LR:0.000000
[Epoch 335] Validation accuracy:0.9198, Loss:0.400, f1 0.863303, score 0.881947
[Epoch 336] Train time:2.93, Training accuracy:0.9998. Loss: 0.001 LR:0.000000
[Epoch 336] Validation accuracy:0.9192, Loss:0.399, f1 0.862775, score 0.881395
[Epoch 337] Train time:2.93, Training accuracy:1.0000. Loss: 0.001 LR:0.000000
[Epoch 337] Validation accuracy:0.9185, Loss:0.399, f1 0.860954, score 0.879944
[Epoch 338] Train time:2.92, Training accuracy:1.0000. Loss: 0.001 LR:0.000000
[Epoch 338] Validation accuracy:0.9205, Loss:0.395, f1 0.864066, score 0.882689
[Epoch 339] Train time:2.92, Training accuracy:1.0000. Loss: 0.001 LR:0.000000
[Epoch 339] Validation accuracy:0.9198, Loss:0.403, f1 0.864018, score 0.882426
[Epoch 340] Train time:2.92, Training accuracy:0.9999. Loss: 0.005 LR:0.000000
[Epoch 340] Validation accuracy:0.9188, Loss:0.404, f1 0.862002, score 0.880746
[Epoch 341] Train time:2.92, Training accuracy:0.9998. Loss: 0.004 LR:0.000000
[Epoch 341] Validation accuracy:0.9192, Loss:0.400, f1 0.863762, score 0.882057
[Epoch 342] Train time:2.92, Training accuracy:1.0000. Loss: 0.001 LR:0.000000
[Epoch 342] Validation accuracy:0.9188, Loss:0.400, f1 0.862717, score 0.881224
[Epoch 343] Train time:2.92, Training accuracy:0.9998. Loss: 0.001 LR:0.000000
[Epoch 343] Validation accuracy:0.9211, Loss:0.395, f1 0.865672, score 0.883963
[Epoch 344] Train time:2.92, Training accuracy:0.9999. Loss: 0.001 LR:0.000000
[Epoch 344] Validation accuracy:0.9195, Loss:0.399, f1 0.862822, score 0.881526
[Epoch 345] Train time:2.92, Training accuracy:1.0000. Loss: 0.001 LR:0.000000
[Epoch 345] Validation accuracy:0.9182, Loss:0.400, f1 0.861373, score 0.880126
[Epoch 346] Train time:2.92, Training accuracy:0.9999. Loss: 0.001 LR:0.000000
[Epoch 346] Validation accuracy:0.9198, Loss:0.400, f1 0.864187, score 0.882539
[Epoch 347] Train time:2.92, Training accuracy:0.9999. Loss: 0.001 LR:0.000000
[Epoch 347] Validation accuracy:0.9201, Loss:0.400, f1 0.864265, score 0.882691
[Epoch 348] Train time:2.92, Training accuracy:0.9998. Loss: 0.001 LR:0.000000
[Epoch 348] Validation accuracy:0.9195, Loss:0.400, f1 0.862201, score 0.881109
[Epoch 349] Train time:2.93, Training accuracy:0.9998. Loss: 0.007 LR:0.000000
[Epoch 349] Validation accuracy:0.9198, Loss:0.396, f1 0.863370, score 0.881992
[Epoch 350] Train time:2.92, Training accuracy:0.9998. Loss: 0.001 LR:0.000000
[Epoch 350] Validation accuracy:0.9185, Loss:0.399, f1 0.862283, score 0.880835
[Epoch 351] Train time:2.92, Training accuracy:0.9998. Loss: 0.004 LR:0.000000
[Epoch 351] Validation accuracy:0.9198, Loss:0.397, f1 0.863014, score 0.881754
[Epoch 352] Train time:2.92, Training accuracy:0.9999. Loss: 0.001 LR:0.000000
[Epoch 352] Validation accuracy:0.9214, Loss:0.401, f1 0.864412, score 0.883218
[Epoch 353] Train time:2.92, Training accuracy:0.9998. Loss: 0.003 LR:0.000000
[Epoch 353] Validation accuracy:0.9211, Loss:0.399, f1 0.865672, score 0.883963
[Epoch 354] Train time:2.92, Training accuracy:0.9998. Loss: 0.002 LR:0.000000
[Epoch 354] Validation accuracy:0.9195, Loss:0.400, f1 0.863565, score 0.882024
[Epoch 355] Train time:2.92, Training accuracy:0.9999. Loss: 0.001 LR:0.000000
[Epoch 355] Validation accuracy:0.9192, Loss:0.398, f1 0.863927, score 0.882167
[Epoch 356] Train time:2.93, Training accuracy:0.9999. Loss: 0.001 LR:0.000000
[Epoch 356] Validation accuracy:0.9182, Loss:0.402, f1 0.862289, score 0.880739
[Epoch 357] Train time:2.92, Training accuracy:0.9999. Loss: 0.001 LR:0.000000
[Epoch 357] Validation accuracy:0.9182, Loss:0.399, f1 0.862383, score 0.880803
[Epoch 358] Train time:2.92, Training accuracy:0.9998. Loss: 0.002 LR:0.000000
[Epoch 358] Validation accuracy:0.9195, Loss:0.398, f1 0.863220, score 0.881792
[Epoch 359] Train time:2.92, Training accuracy:0.9999. Loss: 0.001 LR:0.000000
[Epoch 359] Validation accuracy:0.9224, Loss:0.400, f1 0.866524, score 0.884963
[Epoch 360] Train time:2.92, Training accuracy:0.9999. Loss: 0.001 LR:0.000000
[Epoch 360] Validation accuracy:0.9198, Loss:0.400, f1 0.864279, score 0.882601
[Epoch 361] Train time:2.92, Training accuracy:0.9998. Loss: 0.003 LR:0.000000
[Epoch 361] Validation accuracy:0.9185, Loss:0.403, f1 0.862689, score 0.881107
[Epoch 362] Train time:2.92, Training accuracy:0.9997. Loss: 0.008 LR:0.000000
[Epoch 362] Validation accuracy:0.9188, Loss:0.405, f1 0.860846, score 0.879971
[Epoch 363] Train time:2.92, Training accuracy:0.9998. Loss: 0.002 LR:0.000000
[Epoch 363] Validation accuracy:0.9188, Loss:0.398, f1 0.863077, score 0.881466
[Epoch 364] Train time:2.92, Training accuracy:1.0000. Loss: 0.001 LR:0.000000
[Epoch 364] Validation accuracy:0.9198, Loss:0.399, f1 0.863632, score 0.882167
[Epoch 365] Train time:2.92, Training accuracy:0.9999. Loss: 0.001 LR:0.000000
[Epoch 365] Validation accuracy:0.9198, Loss:0.398, f1 0.864391, score 0.882676
[Epoch 366] Train time:2.92, Training accuracy:1.0000. Loss: 0.001 LR:0.000000
[Epoch 366] Validation accuracy:0.9205, Loss:0.401, f1 0.863797, score 0.882509
[Epoch 367] Train time:2.92, Training accuracy:0.9998. Loss: 0.002 LR:0.000000
[Epoch 367] Validation accuracy:0.9198, Loss:0.401, f1 0.862901, score 0.881678
[Epoch 368] Train time:2.92, Training accuracy:0.9999. Loss: 0.001 LR:0.000000
[Epoch 368] Validation accuracy:0.9205, Loss:0.399, f1 0.864449, score 0.882946
[Epoch 369] Train time:2.93, Training accuracy:0.9999. Loss: 0.003 LR:0.000000
[Epoch 369] Validation accuracy:0.9201, Loss:0.404, f1 0.863041, score 0.881871
[Epoch 370] Train time:2.93, Training accuracy:1.0000. Loss: 0.001 LR:0.000000
[Epoch 370] Validation accuracy:0.9221, Loss:0.397, f1 0.865804, score 0.884382
[Epoch 371] Train time:2.92, Training accuracy:1.0000. Loss: 0.001 LR:0.000000
[Epoch 371] Validation accuracy:0.9175, Loss:0.401, f1 0.860597, score 0.879375
[Epoch 372] Train time:2.92, Training accuracy:0.9998. Loss: 0.003 LR:0.000000
[Epoch 372] Validation accuracy:0.9201, Loss:0.403, f1 0.861166, score 0.880614
[Epoch 373] Train time:2.93, Training accuracy:0.9998. Loss: 0.002 LR:0.000000
[Epoch 373] Validation accuracy:0.9188, Loss:0.401, f1 0.861919, score 0.880690
[Epoch 374] Train time:2.93, Training accuracy:0.9999. Loss: 0.001 LR:0.000000
[Epoch 374] Validation accuracy:0.9198, Loss:0.399, f1 0.862852, score 0.881645
[Epoch 375] Train time:2.93, Training accuracy:0.9999. Loss: 0.001 LR:0.000000
[Epoch 375] Validation accuracy:0.9195, Loss:0.399, f1 0.863833, score 0.882203
[Epoch 376] Train time:2.93, Training accuracy:0.9999. Loss: 0.001 LR:0.000000
[Epoch 376] Validation accuracy:0.9188, Loss:0.402, f1 0.863477, score 0.881734
[Epoch 377] Train time:2.93, Training accuracy:0.9998. Loss: 0.001 LR:0.000000
[Epoch 377] Validation accuracy:0.9214, Loss:0.402, f1 0.863700, score 0.882741
[Epoch 378] Train time:2.93, Training accuracy:1.0000. Loss: 0.001 LR:0.000000
[Epoch 378] Validation accuracy:0.9201, Loss:0.399, f1 0.864763, score 0.883024
[Epoch 379] Train time:2.93, Training accuracy:1.0000. Loss: 0.001 LR:0.000000
[Epoch 379] Validation accuracy:0.9198, Loss:0.403, f1 0.863915, score 0.882357
[Epoch 380] Train time:2.92, Training accuracy:0.9998. Loss: 0.001 LR:0.000000
[Epoch 380] Validation accuracy:0.9201, Loss:0.397, f1 0.863786, score 0.882370
[Epoch 381] Train time:2.93, Training accuracy:1.0000. Loss: 0.001 LR:0.000000
[Epoch 381] Validation accuracy:0.9188, Loss:0.398, f1 0.862939, score 0.881373
[Epoch 382] Train time:2.93, Training accuracy:0.9998. Loss: 0.001 LR:0.000000
[Epoch 382] Validation accuracy:0.9211, Loss:0.399, f1 0.863367, score 0.882419
[Epoch 383] Train time:2.93, Training accuracy:0.9999. Loss: 0.004 LR:0.000000
[Epoch 383] Validation accuracy:0.9211, Loss:0.398, f1 0.864728, score 0.883331
[Epoch 384] Train time:2.93, Training accuracy:0.9999. Loss: 0.001 LR:0.000000
[Epoch 384] Validation accuracy:0.9205, Loss:0.397, f1 0.865375, score 0.883567
[Epoch 385] Train time:2.93, Training accuracy:0.9997. Loss: 0.005 LR:0.000000
[Epoch 385] Validation accuracy:0.9201, Loss:0.397, f1 0.863786, score 0.882370
[Epoch 386] Train time:2.93, Training accuracy:0.9998. Loss: 0.002 LR:0.000000
[Epoch 386] Validation accuracy:0.9195, Loss:0.398, f1 0.864128, score 0.882401
[Epoch 387] Train time:2.94, Training accuracy:1.0000. Loss: 0.001 LR:0.000000
[Epoch 387] Validation accuracy:0.9195, Loss:0.398, f1 0.862974, score 0.881628
[Epoch 388] Train time:2.93, Training accuracy:0.9999. Loss: 0.001 LR:0.000000
[Epoch 388] Validation accuracy:0.9205, Loss:0.405, f1 0.862112, score 0.881380
[Epoch 389] Train time:2.93, Training accuracy:0.9999. Loss: 0.001 LR:0.000000
[Epoch 389] Validation accuracy:0.9205, Loss:0.397, f1 0.864052, score 0.882680
[Epoch 390] Train time:2.93, Training accuracy:1.0000. Loss: 0.001 LR:0.000000
[Epoch 390] Validation accuracy:0.9198, Loss:0.399, f1 0.863985, score 0.882404
[Epoch 391] Train time:2.93, Training accuracy:1.0000. Loss: 0.001 LR:0.000000
[Epoch 391] Validation accuracy:0.9198, Loss:0.400, f1 0.863946, score 0.882378
[Epoch 392] Train time:2.93, Training accuracy:1.0000. Loss: 0.001 LR:0.000000
[Epoch 392] Validation accuracy:0.9228, Loss:0.398, f1 0.866436, score 0.885036
Model saved.
best_acc:0.9228
[Epoch 393] Train time:2.93, Training accuracy:0.9998. Loss: 0.002 LR:0.000000
[Epoch 393] Validation accuracy:0.9205, Loss:0.400, f1 0.864676, score 0.883098
[Epoch 394] Train time:2.93, Training accuracy:0.9999. Loss: 0.002 LR:0.000000
[Epoch 394] Validation accuracy:0.9195, Loss:0.400, f1 0.863508, score 0.881985
[Epoch 395] Train time:2.93, Training accuracy:1.0000. Loss: 0.001 LR:0.000000
[Epoch 395] Validation accuracy:0.9185, Loss:0.399, f1 0.862229, score 0.880798
[Epoch 396] Train time:2.93, Training accuracy:1.0000. Loss: 0.001 LR:0.000000
[Epoch 396] Validation accuracy:0.9175, Loss:0.403, f1 0.860068, score 0.879021
[Epoch 397] Train time:2.93, Training accuracy:0.9999. Loss: 0.001 LR:0.000000
[Epoch 397] Validation accuracy:0.9198, Loss:0.402, f1 0.863892, score 0.882341
[Epoch 398] Train time:2.93, Training accuracy:0.9998. Loss: 0.002 LR:0.000000
[Epoch 398] Validation accuracy:0.9201, Loss:0.401, f1 0.862986, score 0.881834
[Epoch 399] Train time:2.93, Training accuracy:0.9998. Loss: 0.006 LR:0.000000
[Epoch 399] Validation accuracy:0.9198, Loss:0.403, f1 0.862392, score 0.881337
[Epoch 400] Train time:2.93, Training accuracy:0.9998. Loss: 0.001 LR:0.000000
[Epoch 400] Validation accuracy:0.9201, Loss:0.399, f1 0.863551, score 0.882212
